  main.cpp
C:\Users\pinza\source\repos\ProiectPG\ProiectPG\main.cpp(75,25): warning C4305: 'initializing': truncation from 'double' to 'float'
C:\Users\pinza\source\repos\ProiectPG\ProiectPG\main.cpp(77,26): warning C4305: 'initializing': truncation from 'double' to 'float'
C:\Users\pinza\source\repos\ProiectPG\ProiectPG\main.cpp(79,26): warning C4305: 'initializing': truncation from 'double' to 'float'
C:\Users\pinza\source\repos\ProiectPG\ProiectPG\main.cpp(160,32): warning C4244: '+=': conversion from 'double' to 'float', possible loss of data
C:\Users\pinza\source\repos\ProiectPG\ProiectPG\main.cpp(161,34): warning C4244: '+=': conversion from 'double' to 'float', possible loss of data
C:\Users\pinza\source\repos\ProiectPG\ProiectPG\main.cpp(163,13): warning C4244: '=': conversion from 'double' to 'float', possible loss of data
C:\Users\pinza\source\repos\ProiectPG\ProiectPG\main.cpp(164,13): warning C4244: '=': conversion from 'double' to 'float', possible loss of data
C:\Users\pinza\source\repos\ProiectPG\ProiectPG\main.cpp(411,51): warning C4305: 'argument': truncation from 'double' to 'float'
C:\Users\pinza\source\repos\ProiectPG\ProiectPG\main.cpp(419,26): warning C4305: '+=': truncation from 'double' to 'float'
C:\Users\pinza\source\repos\ProiectPG\ProiectPG\main.cpp(426,50): warning C4305: 'argument': truncation from 'double' to 'float'
C:\Users\pinza\source\repos\ProiectPG\ProiectPG\main.cpp(432,26): warning C4305: '+=': truncation from 'double' to 'float'
  Generating code
  3 of 1656 functions ( 0.2%) were compiled, the rest were copied from previous compilation.
    0 functions were new in current compilation
    14 functions had inline decision re-evaluated but remain unchanged
  Finished generating code
LINK : warning LNK4286: symbol '__glewUniform1i' defined in 'libglew32.lib(glew.obj)' is imported by 'Mesh.obj'
LINK : warning LNK4286: symbol '__glewBindBuffer' defined in 'libglew32.lib(glew.obj)' is imported by 'Mesh.obj'
LINK : warning LNK4286: symbol '__glewVertexAttribPointer' defined in 'libglew32.lib(glew.obj)' is imported by 'Mesh.obj'
LINK : warning LNK4286: symbol '__glewBindVertexArray' defined in 'libglew32.lib(glew.obj)' is imported by 'Mesh.obj'
LINK : warning LNK4286: symbol '__glewEnableVertexAttribArray' defined in 'libglew32.lib(glew.obj)' is imported by 'Mesh.obj'
LINK : warning LNK4286: symbol '__glewGenBuffers' defined in 'libglew32.lib(glew.obj)' is imported by 'Mesh.obj'
LINK : warning LNK4286: symbol '__glewGenVertexArrays' defined in 'libglew32.lib(glew.obj)' is imported by 'Mesh.obj'
LINK : warning LNK4286: symbol '__glewActiveTexture' defined in 'libglew32.lib(glew.obj)' is imported by 'Mesh.obj'
LINK : warning LNK4286: symbol '__glewBufferData' defined in 'libglew32.lib(glew.obj)' is imported by 'Mesh.obj'
LINK : warning LNK4286: symbol '__glewGetUniformLocation' defined in 'libglew32.lib(glew.obj)' is imported by 'Mesh.obj'
LINK : warning LNK4286: symbol '__glewDeleteBuffers' defined in 'libglew32.lib(glew.obj)' is imported by 'Model3D.obj'
LINK : warning LNK4286: symbol '__glewGenerateMipmap' defined in 'libglew32.lib(glew.obj)' is imported by 'Model3D.obj'
LINK : warning LNK4286: symbol '__glewDeleteVertexArrays' defined in 'libglew32.lib(glew.obj)' is imported by 'Model3D.obj'
LINK : warning LNK4286: symbol '__glewLinkProgram' defined in 'libglew32.lib(glew.obj)' is imported by 'Shader.obj'
LINK : warning LNK4286: symbol '__glewDeleteShader' defined in 'libglew32.lib(glew.obj)' is imported by 'Shader.obj'
LINK : warning LNK4286: symbol '__glewGetProgramInfoLog' defined in 'libglew32.lib(glew.obj)' is imported by 'Shader.obj'
LINK : warning LNK4286: symbol '__glewShaderSource' defined in 'libglew32.lib(glew.obj)' is imported by 'Shader.obj'
LINK : warning LNK4286: symbol '__glewAttachShader' defined in 'libglew32.lib(glew.obj)' is imported by 'Shader.obj'
LINK : warning LNK4286: symbol '__glewGetProgramiv' defined in 'libglew32.lib(glew.obj)' is imported by 'Shader.obj'
LINK : warning LNK4286: symbol '__glewGetShaderInfoLog' defined in 'libglew32.lib(glew.obj)' is imported by 'Shader.obj'
LINK : warning LNK4286: symbol '__glewCreateProgram' defined in 'libglew32.lib(glew.obj)' is imported by 'Shader.obj'
LINK : warning LNK4286: symbol '__glewCreateShader' defined in 'libglew32.lib(glew.obj)' is imported by 'Shader.obj'
LINK : warning LNK4286: symbol '__glewCompileShader' defined in 'libglew32.lib(glew.obj)' is imported by 'Shader.obj'
LINK : warning LNK4286: symbol '__glewGetShaderiv' defined in 'libglew32.lib(glew.obj)' is imported by 'Shader.obj'
LINK : warning LNK4286: symbol '__glewUseProgram' defined in 'libglew32.lib(glew.obj)' is imported by 'Shader.obj'
LINK : warning LNK4286: symbol 'glewInit' defined in 'libglew32.lib(glew.obj)' is imported by 'Window.obj'
LINK : warning LNK4286: symbol 'glewExperimental' defined in 'libglew32.lib(glew.obj)' is imported by 'Window.obj'
  ProiectPG.vcxproj -> C:\Users\pinza\source\repos\ProiectPG\x64\Release\ProiectPG.exe
